 [kameleon]:  Starting recipe consistency check
 [kameleon]:  Resolving variables
 [kameleon]:  /debian_home/mercierm/Projects/kameleon-lfs/steps/lfs/init_lfs_vars.yaml: variable $$rootfs_cache not found in local or global
 [kameleon]:  Starting recipe consistency check
 [kameleon]:  Resolving variables
 [kameleon]:  /debian_home/mercierm/Projects/kameleon-lfs/steps/lfs/init_lfs_vars.yaml: variable $$rootfs_cache not found in local or global
 [kameleon]:  Starting recipe consistency check
 [kameleon]:  Resolving variables
 [kameleon]:  /debian_home/mercierm/Projects/kameleon-lfs/steps/lfs/init_lfs_vars.yaml: variable $$rootfs_cache not found in local or global
 [kameleon]:  Starting recipe consistency check
 [kameleon]:  Resolving variables
 [kameleon]:  Calculating microstep identifiers
 [kameleon]:  Creating kameleon working directory : /debian_home/mercierm/Projects/kameleon-lfs/build/lfs-7.5-systemd
 [kameleon]:  Building local context [local]
 [kameleon]:  Building external context [out]
 [kameleon]:  Building internal context [in]
 [kameleon]:  Starting build recipe 'lfs-7.5-systemd.yaml'
 [kameleon]:  Step 1 : bootstrap/check_requirements/check_script
 [kameleon]:   ---> Running step
 [kameleon]:  Starting process: "/bin/bash"
  [out_ctx]:  The out_context has been initialized
  [out_ctx]:  bash, version 4.3.18(1)-release
/bin/sh -> /usr/bin/bash
Binutils: (GNU Binutils) 2.24
  [out_ctx]:  bison (GNU Bison) 3.0.2
  [out_ctx]:  /usr/bin/yacc -> /usr/bin/yacc
  [out_ctx]:  bzip2,  Version 1.0.6, 6-Sept-2010.
  [out_ctx]:  Coreutils:  8.22
  [out_ctx]:  diff (GNU diffutils) 3.3
  [out_ctx]:  find (GNU findutils) 4.4.2
  [out_ctx]:  GNU Awk 4.1.1, API: 1.1 (GNU MPFR 3.1.2-p8, GNU MP 6.0.0)
  [out_ctx]:  /usr/bin/awk -> /usr/bin/gawk
  [out_ctx]:  gcc (GCC) 4.9.0 20140604 (prerelease)
  [out_ctx]:  g++ (GCC) 4.9.0 20140604 (prerelease)
  [out_ctx]:  /usr/bin/ldd: line 41: printf: write error: Broken pipe
  [out_ctx]:  (GNU libc) 2.19
  [out_ctx]:  /usr/bin/ldd: line 43: printf: write error: Broken pipe
  [out_ctx]:  grep (GNU grep) 2.20
  [out_ctx]:  gzip 1.6
  [out_ctx]:  Linux version 3.15.1-1-ARCH (nobody@var-lib-archbuild-testing-x86_64-tobias) (gcc version 4.9.0 20140604 (prerelease) (GCC) ) #1 SMP PREEMPT Tue Jun 17 09:32:20 CEST 2014
  [out_ctx]:  m4 (GNU M4) 1.4.17
  [out_ctx]:  GNU Make 4.0
  [out_ctx]:  GNU patch 2.7.1
  [out_ctx]:  Perl version='5.20.0';
  [out_ctx]:  sed (GNU sed) 4.2.2
  [out_ctx]:  tar (GNU tar) 1.27.1
  [out_ctx]:  xz (XZ Utils) 5.0.5
  [out_ctx]:  g++ compilation OK
  [out_ctx]:  libgmp.la: not found
  [out_ctx]:  libmpfr.la: not found
  [out_ctx]:  libmpc.la: not found
 [kameleon]:  Step 2 : bootstrap/init_lfs_vars/create_folders
 [kameleon]:   ---> Running step
  [out_ctx]:  mkdir: created directory '/debian_home/mercierm/Projects/kameleon-lfs/build/lfs-7.5-systemd/rootfs'
  [out_ctx]:  mkdir: created directory '/debian_home/mercierm/Projects/kameleon-lfs/build/lfs-7.5-systemd/rootfs/tools'
  [out_ctx]:  ln: failed to create symbolic link '/tools': Permission denied
 [kameleon]:  Error occured when executing the following command :
 [kameleon]:  
 [kameleon]:  > exec_out: ln -sv /debian_home/mercierm/Projects/kameleon-lfs/build/lfs-7.5-systemd/rootfs/tools /tools
 [kameleon]:  Press [r] to retry
 [kameleon]:  Press [c] to continue with execution
 [kameleon]:  Press [a] to abort execution
 [kameleon]:  Press [l] to switch to local_context shell
 [kameleon]:  Press [o] to switch to out_context shell
 [kameleon]:  Press [i] to switch to in_context shell
answer ? [c/a/r/l/o/i]:  [kameleon]:  Interrupted...
 [kameleon]:  Starting process: "/bin/bash"
 [kameleon]:  Starting process: "/bin/bash"
 [kameleon]:  Starting process: "bash"
 [kameleon]:  Waiting for cleanup before exiting...
 [kameleon]:  Cleaning bootstrap section
 [kameleon]:  Cleaning setup section
Password: userdel: PAM: Authentication failure
 [kameleon]:  An error occurred while executing : userdel -r lfs
Password: groupdel: PAM: Authentication failure
 [kameleon]:  An error occurred while executing : groupdel lfs
  [out_ctx]:  rm: cannot remove '/tools': No such file or directory
 [kameleon]:  An error occurred while executing : rm /tools
 [kameleon]:  Cleaning export section
 [kameleon]:  Quitting...
 [kameleon]:  Starting recipe consistency check
 [kameleon]:  Resolving variables
 [kameleon]:  Calculating microstep identifiers
 [kameleon]:  Creating kameleon working directory : /debian_home/mercierm/Projects/kameleon-lfs/build/lfs-7.5-systemd
 [kameleon]:  Building local context [local]
 [kameleon]:  Building external context [out]
 [kameleon]:  Building internal context [in]
 [kameleon]:  Starting build recipe 'lfs-7.5-systemd.yaml'
 [kameleon]:  Step 1 : bootstrap/check_requirements/check_script
 [kameleon]:   ---> Running step
 [kameleon]:  Starting process: "/bin/bash"
  [out_ctx]:  The out_context has been initialized
  [out_ctx]:  bash, version 4.3.18(1)-release
/bin/sh -> /usr/bin/bash
Binutils: (GNU Binutils) 2.24
  [out_ctx]:  bison (GNU Bison) 3.0.2
  [out_ctx]:  /usr/bin/yacc -> /usr/bin/yacc
  [out_ctx]:  bzip2,  Version 1.0.6, 6-Sept-2010.
Coreutils:  8.22
diff (GNU diffutils) 3.3
find (GNU findutils) 4.4.2
GNU Awk 4.1.1, API: 1.1 (GNU MPFR 3.1.2-p8, GNU MP 6.0.0)
/usr/bin/awk -> /usr/bin/gawk
gcc (GCC) 4.9.0 20140604 (prerelease)
g++ (GCC) 4.9.0 20140604 (prerelease)
  [out_ctx]:  (GNU libc) 2.19
  [out_ctx]:  grep (GNU grep) 2.20
  [out_ctx]:  gzip 1.6
  [out_ctx]:  Linux version 3.15.1-1-ARCH (nobody@var-lib-archbuild-testing-x86_64-tobias) (gcc version 4.9.0 20140604 (prerelease) (GCC) ) #1 SMP PREEMPT Tue Jun 17 09:32:20 CEST 2014
  [out_ctx]:  m4 (GNU M4) 1.4.17
  [out_ctx]:  GNU Make 4.0
  [out_ctx]:  GNU patch 2.7.1
  [out_ctx]:  Perl version='5.20.0';
  [out_ctx]:  sed (GNU sed) 4.2.2
  [out_ctx]:  tar (GNU tar) 1.27.1
  [out_ctx]:  xz (XZ Utils) 5.0.5
  [out_ctx]:  g++ compilation OK
  [out_ctx]:  libgmp.la: not found
  [out_ctx]:  libmpfr.la: not found
  [out_ctx]:  libmpc.la: not found
 [kameleon]:  Step 2 : bootstrap/init_lfs_vars/create_folders
 [kameleon]:   ---> Running step
  [out_ctx]:  '/tools' -> '/debian_home/mercierm/Projects/kameleon-lfs/build/lfs-7.5-systemd/rootfs/tools'
  [out_ctx]:  mkdir: created directory '/debian_home/mercierm/Projects/kameleon-lfs/build/lfs-7.5-systemd/rootfs/sources'
  [out_ctx]:  mode of '/debian_home/mercierm/Projects/kameleon-lfs/build/lfs-7.5-systemd/rootfs/sources' changed from 0755 (rwxr-xr-x) to 1777 (rwxrwxrwt)
 [kameleon]:  Step 3 : bootstrap/init_lfs_vars/init_lfs_user
 [kameleon]:   ---> Running step
  [out_ctx]:  changed ownership of '/debian_home/mercierm/Projects/kameleon-lfs/build/lfs-7.5-systemd/rootfs/tools' from mercierm to lfs
  [out_ctx]:  changed ownership of '/debian_home/mercierm/Projects/kameleon-lfs/build/lfs-7.5-systemd/rootfs/sources' from root to lfs
  [out_ctx]:  -bash: line 2: : No such file or directory
  [out_ctx]:  -bash: line 17: : No such file or directory
  [out_ctx]:  -bash: line 48: : No such file or directory
  [out_ctx]:  /bin/bash: line 2: : No such file or directory
 [kameleon]:  Step 4 : bootstrap/get_packages/get_packages
 [kameleon]:   ---> Running step
  [out_ctx]:  --2014-06-24 16:38:20--  http://www.linuxfromscratch.org/lfs/view/stable-systemd/wget-list
Resolving www.linuxfromscratch.org (www.linuxfromscratch.org)... failed: Name or service not known.
wget: unable to resolve host address 'www.linuxfromscratch.org'
  [out_ctx]:  /bin/bash: line 13: : No such file or directory
 [kameleon]:  Error occured when executing the following command :
 [kameleon]:  
 [kameleon]:  > exec_out: wget http://www.linuxfromscratch.org/lfs/view/stable-systemd/wget-list
 [kameleon]:  Press [r] to retry
 [kameleon]:  Press [c] to continue with execution
 [kameleon]:  Press [a] to abort execution
 [kameleon]:  Press [l] to switch to local_context shell
 [kameleon]:  Press [o] to switch to out_context shell
 [kameleon]:  Press [i] to switch to in_context shell
answer ? [c/a/r/l/o/i]:  [kameleon]:  Interrupted...
 [kameleon]:  Starting process: "/bin/bash"
 [kameleon]:  Starting process: "/bin/bash"
 [kameleon]:  Starting process: "bash"
 [kameleon]:  Waiting for cleanup before exiting...
 [kameleon]:  Cleaning bootstrap section
 [kameleon]:  Cleaning setup section
  [out_ctx]:  userdel: lfs mail spool (/var/spool/mail/lfs) not found
  [out_ctx]:  groupdel: group 'lfs' does not exist
 [kameleon]:  An error occurred while executing : groupdel lfs
 [kameleon]:  Cleaning export section
 [kameleon]:  Quitting...
 [kameleon]:  Starting recipe consistency check
 [kameleon]:  Resolving variables
 [kameleon]:  Calculating microstep identifiers
 [kameleon]:  Creating kameleon working directory : /debian_home/mercierm/Projects/kameleon-lfs/build/lfs-7.5-systemd
 [kameleon]:  Building local context [local]
 [kameleon]:  Building external context [out]
 [kameleon]:  Building internal context [in]
 [kameleon]:  Starting build recipe 'lfs-7.5-systemd.yaml'
 [kameleon]:  Step 1 : bootstrap/check_requirements/check_script
 [kameleon]:   ---> Running step
 [kameleon]:  Starting process: "/bin/bash"
  [out_ctx]:  The out_context has been initialized
  [out_ctx]:  bash, version 4.3.18(1)-release
/bin/sh -> /usr/bin/bash
Binutils: (GNU Binutils) 2.24
  [out_ctx]:  bison (GNU Bison) 3.0.2
  [out_ctx]:  /usr/bin/yacc -> /usr/bin/yacc
  [out_ctx]:  bzip2,  Version 1.0.6, 6-Sept-2010.
Coreutils:  8.22
diff (GNU diffutils) 3.3
find (GNU findutils) 4.4.2
GNU Awk 4.1.1, API: 1.1 (GNU MPFR 3.1.2-p8, GNU MP 6.0.0)
/usr/bin/awk -> /usr/bin/gawk
gcc (GCC) 4.9.0 20140604 (prerelease)
g++ (GCC) 4.9.0 20140604 (prerelease)
  [out_ctx]:  (GNU libc) 2.19
  [out_ctx]:  grep (GNU grep) 2.20
  [out_ctx]:  gzip 1.6
  [out_ctx]:  Linux version 3.15.1-1-ARCH (nobody@var-lib-archbuild-testing-x86_64-tobias) (gcc version 4.9.0 20140604 (prerelease) (GCC) ) #1 SMP PREEMPT Tue Jun 17 09:32:20 CEST 2014
  [out_ctx]:  m4 (GNU M4) 1.4.17
  [out_ctx]:  GNU Make 4.0
  [out_ctx]:  GNU patch 2.7.1
  [out_ctx]:  Perl version='5.20.0';
  [out_ctx]:  sed (GNU sed) 4.2.2
  [out_ctx]:  tar (GNU tar) 1.27.1
  [out_ctx]:  xz (XZ Utils) 5.0.5
  [out_ctx]:  g++ compilation OK
  [out_ctx]:  libgmp.la: not found
  [out_ctx]:  libmpfr.la: not found
  [out_ctx]:  libmpc.la: not found
 [kameleon]:  Step 2 : bootstrap/init_lfs_vars/create_folders
 [kameleon]:   ---> Running step
  [out_ctx]:  '/tools' -> '/debian_home/mercierm/Projects/kameleon-lfs/build/lfs-7.5-systemd/rootfs/tools'
  [out_ctx]:  mode of '/debian_home/mercierm/Projects/kameleon-lfs/build/lfs-7.5-systemd/rootfs/sources' retained as 1777 (rwxrwxrwt)
 [kameleon]:  Step 3 : bootstrap/init_lfs_vars/init_lfs_user
 [kameleon]:   ---> Running step
  [out_ctx]:  ownership of '/debian_home/mercierm/Projects/kameleon-lfs/build/lfs-7.5-systemd/rootfs/tools' retained as lfs
  [out_ctx]:  ownership of '/debian_home/mercierm/Projects/kameleon-lfs/build/lfs-7.5-systemd/rootfs/sources' retained as lfs
  [out_ctx]:  /bin/bash: line 517: Kameleon::Command:0x000000014e0e20: No such file or directory
 [kameleon]:  Error occured when executing the following command :
 [kameleon]:  
 [kameleon]:  > exec_out: 
 [kameleon]:  > - exec_out: su - lfs
 [kameleon]:  Press [r] to retry
 [kameleon]:  Press [c] to continue with execution
 [kameleon]:  Press [a] to abort execution
 [kameleon]:  Press [l] to switch to local_context shell
 [kameleon]:  Press [o] to switch to out_context shell
 [kameleon]:  Press [i] to switch to in_context shell
answer ? [c/a/r/l/o/i]:  [kameleon]:  Interrupted...
 [kameleon]:  Starting process: "/bin/bash"
 [kameleon]:  Starting process: "/bin/bash"
 [kameleon]:  Starting process: "bash"
 [kameleon]:  Waiting for cleanup before exiting...
 [kameleon]:  Cleaning bootstrap section
 [kameleon]:  Cleaning setup section
  [out_ctx]:  userdel: lfs mail spool (/var/spool/mail/lfs) not found
  [out_ctx]:  groupdel: group 'lfs' does not exist
 [kameleon]:  An error occurred while executing : groupdel lfs
 [kameleon]:  Cleaning export section
 [kameleon]:  Quitting...
 [kameleon]:  Starting recipe consistency check
 [kameleon]:  Resolving variables
 [kameleon]:  Calculating microstep identifiers
 [kameleon]:  Creating kameleon working directory : /debian_home/mercierm/Projects/kameleon-lfs/build/lfs-7.5-systemd
 [kameleon]:  Building local context [local]
 [kameleon]:  Building external context [out]
 [kameleon]:  Building internal context [in]
 [kameleon]:  Starting build recipe 'lfs-7.5-systemd.yaml'
 [kameleon]:  Step 1 : bootstrap/check_requirements/check_script
 [kameleon]:   ---> Running step
 [kameleon]:  Starting process: "/bin/bash"
  [out_ctx]:  The out_context has been initialized
  [out_ctx]:  bash, version 4.3.18(1)-release
/bin/sh -> /usr/bin/bash
Binutils: (GNU Binutils) 2.24
  [out_ctx]:  bison (GNU Bison) 3.0.2
  [out_ctx]:  /usr/bin/yacc -> /usr/bin/yacc
  [out_ctx]:  bzip2,  Version 1.0.6, 6-Sept-2010.
Coreutils:  8.22
diff (GNU diffutils) 3.3
find (GNU findutils) 4.4.2
GNU Awk 4.1.1, API: 1.1 (GNU MPFR 3.1.2-p8, GNU MP 6.0.0)
/usr/bin/awk -> /usr/bin/gawk
gcc (GCC) 4.9.0 20140604 (prerelease)
  [out_ctx]:  g++ (GCC) 4.9.0 20140604 (prerelease)
  [out_ctx]:  (GNU libc) 2.19
  [out_ctx]:  grep (GNU grep) 2.20
  [out_ctx]:  gzip 1.6
  [out_ctx]:  Linux version 3.15.1-1-ARCH (nobody@var-lib-archbuild-testing-x86_64-tobias) (gcc version 4.9.0 20140604 (prerelease) (GCC) ) #1 SMP PREEMPT Tue Jun 17 09:32:20 CEST 2014
  [out_ctx]:  m4 (GNU M4) 1.4.17
  [out_ctx]:  GNU Make 4.0
  [out_ctx]:  GNU patch 2.7.1
  [out_ctx]:  Perl version='5.20.0';
  [out_ctx]:  sed (GNU sed) 4.2.2
  [out_ctx]:  tar (GNU tar) 1.27.1
  [out_ctx]:  xz (XZ Utils) 5.0.5
  [out_ctx]:  g++ compilation OK
  [out_ctx]:  libgmp.la: not found
  [out_ctx]:  libmpfr.la: not found
  [out_ctx]:  libmpc.la: not found
 [kameleon]:  Step 2 : bootstrap/init_lfs_vars/create_folders
 [kameleon]:   ---> Running step
  [out_ctx]:  '/tools' -> '/debian_home/mercierm/Projects/kameleon-lfs/build/lfs-7.5-systemd/rootfs/tools'
  [out_ctx]:  mode of '/debian_home/mercierm/Projects/kameleon-lfs/build/lfs-7.5-systemd/rootfs/sources' retained as 1777 (rwxrwxrwt)
 [kameleon]:  Step 3 : bootstrap/init_lfs_vars/init_lfs_user
 [kameleon]:   ---> Running step
  [out_ctx]:  ownership of '/debian_home/mercierm/Projects/kameleon-lfs/build/lfs-7.5-systemd/rootfs/tools' retained as lfs
  [out_ctx]:  ownership of '/debian_home/mercierm/Projects/kameleon-lfs/build/lfs-7.5-systemd/rootfs/sources' retained as lfs
  [out_ctx]:  -bash: line 2: : No such file or directory
 [kameleon]:  Step 4 : bootstrap/get_packages/get_packages
 [kameleon]:   ---> Running step
  [out_ctx]:  --2014-06-24 16:54:32--  http://www.linuxfromscratch.org/lfs/view/stable-systemd/wget-list
Resolving www.linuxfromscratch.org (www.linuxfromscratch.org)... failed: Name or service not known.
wget: unable to resolve host address 'www.linuxfromscratch.org'
  [out_ctx]:  -bash: line 13: : No such file or directory
 [kameleon]:  Error occured when executing the following command :
 [kameleon]:  
 [kameleon]:  > exec_out: wget http://www.linuxfromscratch.org/lfs/view/stable-systemd/wget-list
 [kameleon]:  Press [r] to retry
 [kameleon]:  Press [c] to continue with execution
 [kameleon]:  Press [a] to abort execution
 [kameleon]:  Press [l] to switch to local_context shell
 [kameleon]:  Press [o] to switch to out_context shell
 [kameleon]:  Press [i] to switch to in_context shell
answer ? [c/a/r/l/o/i]:  [kameleon]:  User choice : [o] launch out_context
  [out_ctx]:  Starting interactive shell
 [kameleon]:  Starting process: "/bin/bash"
 [kameleon]:  Getting back to Kameleon...
 [kameleon]:  Press [r] to retry
 [kameleon]:  Press [c] to continue with execution
 [kameleon]:  Press [a] to abort execution
 [kameleon]:  Press [l] to switch to local_context shell
 [kameleon]:  Press [o] to switch to out_context shell
 [kameleon]:  Press [i] to switch to in_context shell
answer ? [c/a/r/l/o/i]:  [kameleon]:  User choice : [c] continue
  [out_ctx]:  -bash: line 24: : No such file or directory
  [out_ctx]:  wget-list: No such file or directory
  [out_ctx]:  No URLs found in wget-list.
  [out_ctx]:  -bash: line 35: : No such file or directory
 [kameleon]:  Step 5 : bootstrap/get_packages/check_packages
 [kameleon]:   ---> Running step
  [out_ctx]:  --2014-06-24 16:56:28--  http://www.linuxfromscratch.org/lfs/view/stable-systemd/md5sums
Resolving www.linuxfromscratch.org (www.linuxfromscratch.org)... failed: Name or service not known.
wget: unable to resolve host address 'www.linuxfromscratch.org'
  [out_ctx]:  -bash: line 46: : No such file or directory
 [kameleon]:  Error occured when executing the following command :
 [kameleon]:  
 [kameleon]:  > exec_out: wget http://www.linuxfromscratch.org/lfs/view/stable-systemd/md5sums
 [kameleon]:  Press [r] to retry
 [kameleon]:  Press [c] to continue with execution
 [kameleon]:  Press [a] to abort execution
 [kameleon]:  Press [l] to switch to local_context shell
 [kameleon]:  Press [o] to switch to out_context shell
 [kameleon]:  Press [i] to switch to in_context shell
answer ? [c/a/r/l/o/i]:  [kameleon]:  User choice : [o] launch out_context
  [out_ctx]:  Starting interactive shell
 [kameleon]:  Starting process: "/bin/bash"
 [kameleon]:  Getting back to Kameleon...
 [kameleon]:  Press [r] to retry
 [kameleon]:  Press [c] to continue with execution
 [kameleon]:  Press [a] to abort execution
 [kameleon]:  Press [l] to switch to local_context shell
 [kameleon]:  Press [o] to switch to out_context shell
 [kameleon]:  Press [i] to switch to in_context shell
answer ? [c/a/r/l/o/i]:  [kameleon]:  User choice : [c] continue
  [out_ctx]:  -bash: line 57: : No such file or directory
  [out_ctx]:  -bash: line 68: pushd: /sources: No such file or directory
  [out_ctx]:  md5sum: md5sums: No such file or directory
  [out_ctx]:  -bash: line 70: popd: directory stack empty
  [out_ctx]:  -bash: line 72: : No such file or directory
 [kameleon]:  Error occured when executing the following command :
 [kameleon]:  
 [kameleon]:  > exec_out: |
 [kameleon]:  >   pushd $LFS/sources
 [kameleon]:  >   md5sum -c md5sums
 [kameleon]:  >   popd
 [kameleon]:  Press [r] to retry
 [kameleon]:  Press [c] to continue with execution
 [kameleon]:  Press [a] to abort execution
 [kameleon]:  Press [l] to switch to local_context shell
 [kameleon]:  Press [o] to switch to out_context shell
 [kameleon]:  Press [i] to switch to in_context shell
answer ? [c/a/r/l/o/i]:  [kameleon]:  User choice : [a] abort
 [kameleon]:  Aborted...
 [kameleon]:  Waiting for cleanup before exiting...
 [kameleon]:  Cleaning bootstrap section
 [kameleon]:  Cleaning setup section
Password: userdel: PAM: Authentication failure
  [out_ctx]:  -bash: line 82: : No such file or directory
 [kameleon]:  An error occurred while executing : userdel -r lfs
Password: groupdel: PAM: Authentication failure
  [out_ctx]:  -bash: line 92: : No such file or directory
 [kameleon]:  An error occurred while executing : groupdel lfs
  [out_ctx]:  rm: cannot remove '/tools': Permission denied
  [out_ctx]:  -bash: line 103: : No such file or directory
 [kameleon]:  An error occurred while executing : rm /tools
 [kameleon]:  Cleaning export section
 [kameleon]:  Execution aborted...
 [kameleon]:  Starting recipe consistency check
 [kameleon]:  Resolving variables
 [kameleon]:  Calculating microstep identifiers
 [kameleon]:  Creating kameleon working directory : /debian_home/mercierm/Projects/kameleon-lfs/build/lfs-7.5-systemd
 [kameleon]:  Building local context [local]
 [kameleon]:  Building external context [out]
 [kameleon]:  Building internal context [in]
 [kameleon]:  Cleaning bootstrap section
 [kameleon]:  Cleaning setup section
 [kameleon]:  Cleaning export section
 [kameleon]:  Starting recipe consistency check
 [kameleon]:  Resolving variables
 [kameleon]:  Calculating microstep identifiers
 [kameleon]:  Creating kameleon working directory : /debian_home/mercierm/Projects/kameleon-lfs/build/lfs-7.5-systemd
 [kameleon]:  Building local context [local]
 [kameleon]:  Building external context [out]
 [kameleon]:  Building internal context [in]
 [kameleon]:  Starting build recipe 'lfs-7.5-systemd.yaml'
 [kameleon]:  Step 1 : bootstrap/check_requirements/check_script
 [kameleon]:   ---> Running step
 [kameleon]:  Starting process: "/bin/bash"
  [out_ctx]:  The out_context has been initialized
  [out_ctx]:  bash, version 4.3.18(1)-release
/bin/sh -> /usr/bin/bash
Binutils: (GNU Binutils) 2.24
  [out_ctx]:  bison (GNU Bison) 3.0.2
  [out_ctx]:  /usr/bin/yacc -> /usr/bin/yacc
  [out_ctx]:  bzip2,  Version 1.0.6, 6-Sept-2010.
Coreutils:  8.22
diff (GNU diffutils) 3.3
find (GNU findutils) 4.4.2
GNU Awk 4.1.1, API: 1.1 (GNU MPFR 3.1.2-p8, GNU MP 6.0.0)
/usr/bin/awk -> /usr/bin/gawk
gcc (GCC) 4.9.0 20140604 (prerelease)
g++ (GCC) 4.9.0 20140604 (prerelease)
  [out_ctx]:  (GNU libc) 2.19
  [out_ctx]:  grep (GNU grep) 2.20
  [out_ctx]:  gzip 1.6
  [out_ctx]:  Linux version 3.15.1-1-ARCH (nobody@var-lib-archbuild-testing-x86_64-tobias) (gcc version 4.9.0 20140604 (prerelease) (GCC) ) #1 SMP PREEMPT Tue Jun 17 09:32:20 CEST 2014
  [out_ctx]:  m4 (GNU M4) 1.4.17
  [out_ctx]:  GNU Make 4.0
  [out_ctx]:  GNU patch 2.7.1
  [out_ctx]:  Perl version='5.20.0';
  [out_ctx]:  sed (GNU sed) 4.2.2
  [out_ctx]:  tar (GNU tar) 1.27.1
  [out_ctx]:  xz (XZ Utils) 5.0.5
  [out_ctx]:  g++ compilation OK
  [out_ctx]:  libgmp.la: not found
  [out_ctx]:  libmpfr.la: not found
  [out_ctx]:  libmpc.la: not found
 [kameleon]:  Step 2 : bootstrap/init_lfs_vars/create_folders
 [kameleon]:   ---> Running step
  [out_ctx]:  ln: failed to create symbolic link '/tools': File exists
 [kameleon]:  Error occured when executing the following command :
 [kameleon]:  
 [kameleon]:  > exec_out: ln -sv /debian_home/mercierm/Projects/kameleon-lfs/build/lfs-7.5-systemd/rootfs/tools /
 [kameleon]:  Press [r] to retry
 [kameleon]:  Press [c] to continue with execution
 [kameleon]:  Press [a] to abort execution
 [kameleon]:  Press [l] to switch to local_context shell
 [kameleon]:  Press [o] to switch to out_context shell
 [kameleon]:  Press [i] to switch to in_context shell
answer ? [c/a/r/l/o/i]:  [kameleon]:  User choice : [a] abort
 [kameleon]:  Aborted...
 [kameleon]:  Waiting for cleanup before exiting...
 [kameleon]:  Cleaning bootstrap section
 [kameleon]:  Cleaning setup section
  [out_ctx]:  userdel: lfs mail spool (/var/spool/mail/lfs) not found
  [out_ctx]:  groupdel: group 'lfs' does not exist
 [kameleon]:  An error occurred while executing : groupdel lfs
 [kameleon]:  Cleaning export section
 [kameleon]:  Execution aborted...
 [kameleon]:  Starting recipe consistency check
 [kameleon]:  Resolving variables
 [kameleon]:  Calculating microstep identifiers
 [kameleon]:  Creating kameleon working directory : /debian_home/mercierm/Projects/kameleon-lfs/build/lfs-7.5-systemd
 [kameleon]:  Building local context [local]
 [kameleon]:  Building external context [out]
 [kameleon]:  Building internal context [in]
 [kameleon]:  Cleaning bootstrap section
 [kameleon]:  Cleaning setup section
 [kameleon]:  Cleaning export section
 [kameleon]:  Starting recipe consistency check
 [kameleon]:  Resolving variables
 [kameleon]:  Calculating microstep identifiers
 [kameleon]:  Creating kameleon working directory : /debian_home/mercierm/Projects/kameleon-lfs/build/lfs-7.5-systemd
 [kameleon]:  Building local context [local]
 [kameleon]:  Building external context [out]
 [kameleon]:  Building internal context [in]
 [kameleon]:  Starting build recipe 'lfs-7.5-systemd.yaml'
 [kameleon]:  Step 1 : bootstrap/check_requirements/check_script
 [kameleon]:   ---> Running step
 [kameleon]:  Starting process: "/bin/bash"
  [out_ctx]:  The out_context has been initialized
  [out_ctx]:  bash, version 4.3.18(1)-release
/bin/sh -> /usr/bin/bash
Binutils: (GNU Binutils) 2.24
  [out_ctx]:  bison (GNU Bison) 3.0.2
  [out_ctx]:  /usr/bin/yacc -> /usr/bin/yacc
  [out_ctx]:  bzip2,  Version 1.0.6, 6-Sept-2010.
Coreutils:  8.22
diff (GNU diffutils) 3.3
find (GNU findutils) 4.4.2
GNU Awk 4.1.1, API: 1.1 (GNU MPFR 3.1.2-p8, GNU MP 6.0.0)
/usr/bin/awk -> /usr/bin/gawk
gcc (GCC) 4.9.0 20140604 (prerelease)
g++ (GCC) 4.9.0 20140604 (prerelease)
(GNU libc) 2.19
grep (GNU grep) 2.20
  [out_ctx]:  gzip 1.6
  [out_ctx]:  Linux version 3.15.1-1-ARCH (nobody@var-lib-archbuild-testing-x86_64-tobias) (gcc version 4.9.0 20140604 (prerelease) (GCC) ) #1 SMP PREEMPT Tue Jun 17 09:32:20 CEST 2014
  [out_ctx]:  m4 (GNU M4) 1.4.17
  [out_ctx]:  GNU Make 4.0
  [out_ctx]:  GNU patch 2.7.1
  [out_ctx]:  Perl version='5.20.0';
  [out_ctx]:  sed (GNU sed) 4.2.2
  [out_ctx]:  tar (GNU tar) 1.27.1
  [out_ctx]:  xz (XZ Utils) 5.0.5
  [out_ctx]:  g++ compilation OK
  [out_ctx]:  libgmp.la: not found
  [out_ctx]:  libmpfr.la: not found
  [out_ctx]:  libmpc.la: not found
 [kameleon]:  Step 2 : bootstrap/init_lfs_vars/create_folders
 [kameleon]:   ---> Running step
  [out_ctx]:  '/tools' -> '/debian_home/mercierm/Projects/kameleon-lfs/build/lfs-7.5-systemd/rootfs/tools'
  [out_ctx]:  mode of '/debian_home/mercierm/Projects/kameleon-lfs/build/lfs-7.5-systemd/rootfs/sources' retained as 1777 (rwxrwxrwt)
 [kameleon]:  Step 3 : bootstrap/init_lfs_vars/init_lfs_user
 [kameleon]:   ---> Running step
  [out_ctx]:  ownership of '/debian_home/mercierm/Projects/kameleon-lfs/build/lfs-7.5-systemd/rootfs/tools' retained as lfs
  [out_ctx]:  ownership of '/debian_home/mercierm/Projects/kameleon-lfs/build/lfs-7.5-systemd/rootfs/sources' retained as lfs
  [out_ctx]:  -bash: line 2: : No such file or directory
 [kameleon]:  Step 4 : bootstrap/get_packages/get_packages
 [kameleon]:   ---> Running step
  [out_ctx]:  wget: missing URL
  [out_ctx]:  Usage: wget [OPTION]... [URL]...
  [out_ctx]:  
  [out_ctx]:  Try `wget --help' for more options.
  [out_ctx]:  -bash: line 13: : No such file or directory
 [kameleon]:  Error occured when executing the following command :
 [kameleon]:  
 [kameleon]:  > exec_out: wget -P http://www.linuxfromscratch.org/lfs/view/stable-systemd/wget-list
 [kameleon]:  Press [r] to retry
 [kameleon]:  Press [c] to continue with execution
 [kameleon]:  Press [a] to abort execution
 [kameleon]:  Press [l] to switch to local_context shell
 [kameleon]:  Press [o] to switch to out_context shell
 [kameleon]:  Press [i] to switch to in_context shell
answer ? [c/a/r/l/o/i]:  [kameleon]:  User choice : [r] retry
 [kameleon]:  Retrying the previous command...
  [out_ctx]:  wget: missing URL
  [out_ctx]:  Usage: wget [OPTION]... [URL]...
  [out_ctx]:  
  [out_ctx]:  Try `wget --help' for more options.
  [out_ctx]:  -bash: line 24: : No such file or directory
 [kameleon]:  Error occured when executing the following command :
 [kameleon]:  
 [kameleon]:  > exec_out: wget -P http://www.linuxfromscratch.org/lfs/view/stable-systemd/wget-list
 [kameleon]:  Press [r] to retry
 [kameleon]:  Press [c] to continue with execution
 [kameleon]:  Press [a] to abort execution
 [kameleon]:  Press [l] to switch to local_context shell
 [kameleon]:  Press [o] to switch to out_context shell
 [kameleon]:  Press [i] to switch to in_context shell
answer ? [c/a/r/l/o/i]:  [kameleon]:  User choice : [a] abort
 [kameleon]:  Aborted...
 [kameleon]:  Waiting for cleanup before exiting...
 [kameleon]:  Cleaning bootstrap section
 [kameleon]:  Cleaning setup section
Password: userdel: PAM: Authentication failure
  [out_ctx]:  -bash: line 34: : No such file or directory
 [kameleon]:  An error occurred while executing : userdel -r lfs
Password:  [kameleon]:  Quitting...
 [kameleon]:  Starting recipe consistency check
 [kameleon]:  Resolving variables
 [kameleon]:  Calculating microstep identifiers
 [kameleon]:  Creating kameleon working directory : /debian_home/mercierm/Projects/kameleon-lfs/build/lfs-7.5-systemd
 [kameleon]:  Building local context [local]
 [kameleon]:  Building external context [out]
 [kameleon]:  Building internal context [in]
 [kameleon]:  Cleaning bootstrap section
 [kameleon]:  Cleaning setup section
 [kameleon]:  Cleaning export section
 [kameleon]:  Starting recipe consistency check
 [kameleon]:  Resolving variables
 [kameleon]:  Calculating microstep identifiers
 [kameleon]:  Creating kameleon working directory : /debian_home/mercierm/Projects/kameleon-lfs/build/lfs-7.5-systemd
 [kameleon]:  Building local context [local]
 [kameleon]:  Building external context [out]
 [kameleon]:  Building internal context [in]
 [kameleon]:  Starting build recipe 'lfs-7.5-systemd.yaml'
 [kameleon]:  Step 1 : bootstrap/check_requirements/check_script
 [kameleon]:   ---> Running step
 [kameleon]:  Starting process: "/bin/bash"
  [out_ctx]:  The out_context has been initialized
  [out_ctx]:  bash, version 4.3.18(1)-release
  [out_ctx]:  /bin/sh -> /usr/bin/bash
Binutils: (GNU Binutils) 2.24
  [out_ctx]:  bison (GNU Bison) 3.0.2
  [out_ctx]:  /usr/bin/yacc -> /usr/bin/yacc
  [out_ctx]:  bzip2,  Version 1.0.6, 6-Sept-2010.
  [out_ctx]:  Coreutils:  8.22
  [out_ctx]:  diff (GNU diffutils) 3.3
  [out_ctx]:  find (GNU findutils) 4.4.2
  [out_ctx]:  GNU Awk 4.1.1, API: 1.1 (GNU MPFR 3.1.2-p8, GNU MP 6.0.0)
  [out_ctx]:  /usr/bin/awk -> /usr/bin/gawk
  [out_ctx]:  gcc (GCC) 4.9.0 20140604 (prerelease)
  [out_ctx]:  g++ (GCC) 4.9.0 20140604 (prerelease)
  [out_ctx]:  (GNU libc) 2.19
  [out_ctx]:  grep (GNU grep) 2.20
  [out_ctx]:  gzip 1.6
  [out_ctx]:  Linux version 3.15.1-1-ARCH (nobody@var-lib-archbuild-testing-x86_64-tobias) (gcc version 4.9.0 20140604 (prerelease) (GCC) ) #1 SMP PREEMPT Tue Jun 17 09:32:20 CEST 2014
  [out_ctx]:  m4 (GNU M4) 1.4.17
  [out_ctx]:  GNU Make 4.0
  [out_ctx]:  GNU patch 2.7.1
  [out_ctx]:  Perl version='5.20.0';
  [out_ctx]:  sed (GNU sed) 4.2.2
  [out_ctx]:  tar (GNU tar) 1.27.1
  [out_ctx]:  xz (XZ Utils) 5.0.5
  [out_ctx]:  g++ compilation OK
  [out_ctx]:  libgmp.la: not found
  [out_ctx]:  libmpfr.la: not found
  [out_ctx]:  libmpc.la: not found
 [kameleon]:  Step 2 : bootstrap/init_lfs_vars/create_folders
 [kameleon]:   ---> Running step
  [out_ctx]:  ln: failed to create symbolic link '/tools': File exists
 [kameleon]:  Error occured when executing the following command :
 [kameleon]:  
 [kameleon]:  > exec_out: ln -sv /debian_home/mercierm/Projects/kameleon-lfs/build/lfs-7.5-systemd/rootfs/tools /
 [kameleon]:  Press [r] to retry
 [kameleon]:  Press [c] to continue with execution
 [kameleon]:  Press [a] to abort execution
 [kameleon]:  Press [l] to switch to local_context shell
 [kameleon]:  Press [o] to switch to out_context shell
 [kameleon]:  Press [i] to switch to in_context shell
answer ? [c/a/r/l/o/i]:  [kameleon]:  User choice : [l] launch local_context
 [kameleon]:  Starting process: "bash"
[local_ctx]:  The local_context has been initialized
[local_ctx]:  Starting interactive shell
 [kameleon]:  Starting process: "bash"
 [kameleon]:  Getting back to Kameleon...
 [kameleon]:  Press [r] to retry
 [kameleon]:  Press [c] to continue with execution
 [kameleon]:  Press [a] to abort execution
 [kameleon]:  Press [l] to switch to local_context shell
 [kameleon]:  Press [o] to switch to out_context shell
 [kameleon]:  Press [i] to switch to in_context shell
answer ? [c/a/r/l/o/i]:  [kameleon]:  User choice : [r] retry
 [kameleon]:  Retrying the previous command...
  [out_ctx]:  ln: failed to create symbolic link '/tools': File exists
 [kameleon]:  Error occured when executing the following command :
 [kameleon]:  
 [kameleon]:  > exec_out: ln -sv /debian_home/mercierm/Projects/kameleon-lfs/build/lfs-7.5-systemd/rootfs/tools /
 [kameleon]:  Press [r] to retry
 [kameleon]:  Press [c] to continue with execution
 [kameleon]:  Press [a] to abort execution
 [kameleon]:  Press [l] to switch to local_context shell
 [kameleon]:  Press [o] to switch to out_context shell
 [kameleon]:  Press [i] to switch to in_context shell
answer ? [c/a/r/l/o/i]:  [kameleon]:  User choice : [a] abort
 [kameleon]:  Aborted...
 [kameleon]:  Waiting for cleanup before exiting...
 [kameleon]:  Cleaning bootstrap section
 [kameleon]:  Cleaning setup section
  [out_ctx]:  userdel: lfs mail spool (/var/spool/mail/lfs) not found
  [out_ctx]:  groupdel: group 'lfs' does not exist
 [kameleon]:  An error occurred while executing : groupdel lfs
 [kameleon]:  Cleaning export section
 [kameleon]:  Execution aborted...
 [kameleon]:  Starting recipe consistency check
 [kameleon]:  Resolving variables
 [kameleon]:  Calculating microstep identifiers
 [kameleon]:  Creating kameleon working directory : /debian_home/mercierm/Projects/kameleon-lfs/build/lfs-7.5-systemd
 [kameleon]:  Building local context [local]
 [kameleon]:  Building external context [out]
 [kameleon]:  Building internal context [in]
 [kameleon]:  Cleaning bootstrap section
 [kameleon]:  Cleaning setup section
 [kameleon]:  Cleaning export section
 [kameleon]:  Starting recipe consistency check
 [kameleon]:  Resolving variables
 [kameleon]:  Calculating microstep identifiers
 [kameleon]:  Creating kameleon working directory : /debian_home/mercierm/Projects/kameleon-lfs/build/lfs-7.5-systemd
 [kameleon]:  Building local context [local]
 [kameleon]:  Building external context [out]
 [kameleon]:  Building internal context [in]
 [kameleon]:  Starting build recipe 'lfs-7.5-systemd.yaml'
 [kameleon]:  Step 1 : bootstrap/check_requirements/check_script
 [kameleon]:   ---> Running step
 [kameleon]:  Starting process: "/bin/bash"
  [out_ctx]:  The out_context has been initialized
  [out_ctx]:  bash, version 4.3.18(1)-release
/bin/sh -> /usr/bin/bash
Binutils: (GNU Binutils) 2.24
  [out_ctx]:  bison (GNU Bison) 3.0.2
  [out_ctx]:  /usr/bin/yacc -> /usr/bin/yacc
  [out_ctx]:  bzip2,  Version 1.0.6, 6-Sept-2010.
Coreutils:  8.22
diff (GNU diffutils) 3.3
find (GNU findutils) 4.4.2
GNU Awk 4.1.1, API: 1.1 (GNU MPFR 3.1.2-p8, GNU MP 6.0.0)
/usr/bin/awk -> /usr/bin/gawk
gcc (GCC) 4.9.0 20140604 (prerelease)
g++ (GCC) 4.9.0 20140604 (prerelease)
  [out_ctx]:  /usr/bin/ldd: line 43: printf: write error: Broken pipe
  [out_ctx]:  (GNU libc) 2.19
  [out_ctx]:  grep (GNU grep) 2.20
  [out_ctx]:  gzip 1.6
  [out_ctx]:  Linux version 3.15.1-1-ARCH (nobody@var-lib-archbuild-testing-x86_64-tobias) (gcc version 4.9.0 20140604 (prerelease) (GCC) ) #1 SMP PREEMPT Tue Jun 17 09:32:20 CEST 2014
  [out_ctx]:  m4 (GNU M4) 1.4.17
  [out_ctx]:  GNU Make 4.0
  [out_ctx]:  GNU patch 2.7.1
  [out_ctx]:  Perl version='5.20.0';
  [out_ctx]:  sed (GNU sed) 4.2.2
  [out_ctx]:  tar (GNU tar) 1.27.1
  [out_ctx]:  xz (XZ Utils) 5.0.5
  [out_ctx]:  g++ compilation OK
  [out_ctx]:  libgmp.la: not found
  [out_ctx]:  libmpfr.la: not found
  [out_ctx]:  libmpc.la: not found
 [kameleon]:  Step 2 : bootstrap/init_lfs_vars/create_folders
 [kameleon]:   ---> Running step
  [out_ctx]:  mkdir: created directory '/debian_home/mercierm/Projects/kameleon-lfs/build/lfs-7.5-systemd/rootfs/tools'
  [out_ctx]:  ln: failed to create symbolic link '/debian_home/mercierm/Projects/kameleon-lfs/build/lfs-7.5-systemd/rootfs/tools/': File exists
 [kameleon]:  Error occured when executing the following command :
 [kameleon]:  
 [kameleon]:  > exec_out: ln -sv / /debian_home/mercierm/Projects/kameleon-lfs/build/lfs-7.5-systemd/rootfs/tools
 [kameleon]:  Press [r] to retry
 [kameleon]:  Press [c] to continue with execution
 [kameleon]:  Press [a] to abort execution
 [kameleon]:  Press [l] to switch to local_context shell
 [kameleon]:  Press [o] to switch to out_context shell
 [kameleon]:  Press [i] to switch to in_context shell
answer ? [c/a/r/l/o/i]:  [kameleon]:  User choice : [a] abort
 [kameleon]:  Aborted...
 [kameleon]:  Waiting for cleanup before exiting...
 [kameleon]:  Cleaning bootstrap section
 [kameleon]:  Cleaning setup section
  [out_ctx]:  userdel: user 'lfs' does not exist
 [kameleon]:  An error occurred while executing : userdel -r lfs
  [out_ctx]:  groupdel: group 'lfs' does not exist
 [kameleon]:  An error occurred while executing : groupdel lfs
  [out_ctx]:  rm: cannot remove '/tools': No such file or directory
 [kameleon]:  An error occurred while executing : rm /tools
 [kameleon]:  Cleaning export section
 [kameleon]:  Execution aborted...
 [kameleon]:  Starting recipe consistency check
 [kameleon]:  Resolving variables
 [kameleon]:  Calculating microstep identifiers
 [kameleon]:  Creating kameleon working directory : /debian_home/mercierm/Projects/kameleon-lfs/build/lfs-7.5-systemd
 [kameleon]:  Building local context [local]
 [kameleon]:  Building external context [out]
 [kameleon]:  Building internal context [in]
 [kameleon]:  Cleaning bootstrap section
 [kameleon]:  Cleaning setup section
 [kameleon]:  Cleaning export section
 [kameleon]:  Starting recipe consistency check
 [kameleon]:  Resolving variables
 [kameleon]:  Calculating microstep identifiers
 [kameleon]:  Creating kameleon working directory : /debian_home/mercierm/Projects/kameleon-lfs/build/lfs-7.5-systemd
 [kameleon]:  Building local context [local]
 [kameleon]:  Building external context [out]
 [kameleon]:  Building internal context [in]
 [kameleon]:  Starting build recipe 'lfs-7.5-systemd.yaml'
 [kameleon]:  Step 1 : bootstrap/check_requirements/check_script
 [kameleon]:   ---> Running step
 [kameleon]:  Starting process: "/bin/bash"
  [out_ctx]:  The out_context has been initialized
  [out_ctx]:  bash, version 4.3.18(1)-release
/bin/sh -> /usr/bin/bash
Binutils: (GNU Binutils) 2.24
  [out_ctx]:  bison (GNU Bison) 3.0.2
  [out_ctx]:  /usr/bin/yacc -> /usr/bin/yacc
  [out_ctx]:  bzip2,  Version 1.0.6, 6-Sept-2010.
Coreutils:  8.22
diff (GNU diffutils) 3.3
find (GNU findutils) 4.4.2
GNU Awk 4.1.1, API: 1.1 (GNU MPFR 3.1.2-p8, GNU MP 6.0.0)
/usr/bin/awk -> /usr/bin/gawk
gcc (GCC) 4.9.0 20140604 (prerelease)
g++ (GCC) 4.9.0 20140604 (prerelease)
  [out_ctx]:  (GNU libc) 2.19
  [out_ctx]:  grep (GNU grep) 2.20
  [out_ctx]:  gzip 1.6
  [out_ctx]:  Linux version 3.15.1-1-ARCH (nobody@var-lib-archbuild-testing-x86_64-tobias) (gcc version 4.9.0 20140604 (prerelease) (GCC) ) #1 SMP PREEMPT Tue Jun 17 09:32:20 CEST 2014
  [out_ctx]:  m4 (GNU M4) 1.4.17
  [out_ctx]:  GNU Make 4.0
  [out_ctx]:  GNU patch 2.7.1
  [out_ctx]:  Perl version='5.20.0';
  [out_ctx]:  sed (GNU sed) 4.2.2
  [out_ctx]:  tar (GNU tar) 1.27.1
  [out_ctx]:  xz (XZ Utils) 5.0.5
  [out_ctx]:  g++ compilation OK
  [out_ctx]:  libgmp.la: not found
  [out_ctx]:  libmpfr.la: not found
  [out_ctx]:  libmpc.la: not found
 [kameleon]:  Step 2 : bootstrap/init_lfs_vars/create_folders
 [kameleon]:   ---> Running step
  [out_ctx]:  mode of '/debian_home/mercierm/Projects/kameleon-lfs/build/lfs-7.5-systemd/rootfs/sources' retained as 1777 (rwxrwxrwt)
 [kameleon]:  Step 3 : bootstrap/init_lfs_vars/init_lfs_user
 [kameleon]:   ---> Running step
  [out_ctx]:  changed ownership of '/debian_home/mercierm/Projects/kameleon-lfs/build/lfs-7.5-systemd/rootfs/tools' from root to lfs
  [out_ctx]:  ownership of '/debian_home/mercierm/Projects/kameleon-lfs/build/lfs-7.5-systemd/rootfs/sources' retained as lfs
  [out_ctx]:  -bash: line 2: : No such file or directory
 [kameleon]:  Step 4 : bootstrap/get_packages/get_packages
 [kameleon]:   ---> Running step
  [out_ctx]:  wget: missing URL
  [out_ctx]:  Usage: wget [OPTION]... [URL]...
  [out_ctx]:  
  [out_ctx]:  Try `wget --help' for more options.
  [out_ctx]:  -bash: line 13: : No such file or directory
 [kameleon]:  Error occured when executing the following command :
 [kameleon]:  
 [kameleon]:  > exec_out: wget -P http://www.linuxfromscratch.org/lfs/view/stable-systemd/wget-list
 [kameleon]:  Press [r] to retry
 [kameleon]:  Press [c] to continue with execution
 [kameleon]:  Press [a] to abort execution
 [kameleon]:  Press [l] to switch to local_context shell
 [kameleon]:  Press [o] to switch to out_context shell
 [kameleon]:  Press [i] to switch to in_context shell
answer ? [c/a/r/l/o/i]:  [kameleon]:  User choice : [a] abort
 [kameleon]:  Aborted...
 [kameleon]:  Waiting for cleanup before exiting...
 [kameleon]:  Cleaning bootstrap section
 [kameleon]:  Cleaning setup section
Password: userdel: PAM: Authentication failure
  [out_ctx]:  -bash: line 23: : No such file or directory
 [kameleon]:  An error occurred while executing : userdel -r lfs
Password: groupdel: PAM: Authentication failure
  [out_ctx]:  -bash: line 33: : No such file or directory
 [kameleon]:  An error occurred while executing : groupdel lfs
 [kameleon]:  Cleaning export section
 [kameleon]:  Execution aborted...
 [kameleon]:  Starting recipe consistency check
 [kameleon]:  Resolving variables
 [kameleon]:  Calculating microstep identifiers
 [kameleon]:  Creating kameleon working directory : /debian_home/mercierm/Projects/kameleon-lfs/build/lfs-7.5-systemd
 [kameleon]:  Building local context [local]
 [kameleon]:  Building external context [out]
 [kameleon]:  Building internal context [in]
 [kameleon]:  Cleaning bootstrap section
 [kameleon]:  Cleaning setup section
 [kameleon]:  Cleaning export section
 [kameleon]:  Starting recipe consistency check
 [kameleon]:  Resolving variables
 [kameleon]:  Calculating microstep identifiers
 [kameleon]:  Creating kameleon working directory : /debian_home/mercierm/Projects/kameleon-lfs/build/lfs-7.5-systemd
 [kameleon]:  Building local context [local]
 [kameleon]:  Building external context [out]
 [kameleon]:  Building internal context [in]
 [kameleon]:  Starting build recipe 'lfs-7.5-systemd.yaml'
 [kameleon]:  Step 1 : bootstrap/check_requirements/check_script
 [kameleon]:   ---> Running step
 [kameleon]:  Starting process: "/bin/bash"
  [out_ctx]:  The out_context has been initialized
  [out_ctx]:  bash, version 4.3.18(1)-release
/bin/sh -> /usr/bin/bash
Binutils: (GNU Binutils) 2.24
  [out_ctx]:  bison (GNU Bison) 3.0.2
  [out_ctx]:  /usr/bin/yacc -> /usr/bin/yacc
  [out_ctx]:  bzip2,  Version 1.0.6, 6-Sept-2010.
Coreutils:  8.22
diff (GNU diffutils) 3.3
find (GNU findutils) 4.4.2
GNU Awk 4.1.1, API: 1.1 (GNU MPFR 3.1.2-p8, GNU MP 6.0.0)
/usr/bin/awk -> /usr/bin/gawk
gcc (GCC) 4.9.0 20140604 (prerelease)
g++ (GCC) 4.9.0 20140604 (prerelease)
  [out_ctx]:  /usr/bin/ldd: line 43: printf: write error: Broken pipe
  [out_ctx]:  (GNU libc) 2.19
  [out_ctx]:  grep (GNU grep) 2.20
  [out_ctx]:  gzip 1.6
  [out_ctx]:  Linux version 3.15.1-1-ARCH (nobody@var-lib-archbuild-testing-x86_64-tobias) (gcc version 4.9.0 20140604 (prerelease) (GCC) ) #1 SMP PREEMPT Tue Jun 17 09:32:20 CEST 2014
  [out_ctx]:  m4 (GNU M4) 1.4.17
  [out_ctx]:  GNU Make 4.0
  [out_ctx]:  GNU patch 2.7.1
  [out_ctx]:  Perl version='5.20.0';
  [out_ctx]:  sed (GNU sed) 4.2.2
  [out_ctx]:  tar (GNU tar) 1.27.1
  [out_ctx]:  xz (XZ Utils) 5.0.5
  [out_ctx]:  g++ compilation OK
  [out_ctx]:  libgmp.la: not found
  [out_ctx]:  libmpfr.la: not found
  [out_ctx]:  libmpc.la: not found
 [kameleon]:  Step 2 : bootstrap/init_lfs_vars/create_folders
 [kameleon]:   ---> Running step
  [out_ctx]:  mode of '/debian_home/mercierm/Projects/kameleon-lfs/build/lfs-7.5-systemd/rootfs/sources' retained as 1777 (rwxrwxrwt)
 [kameleon]:  Step 3 : bootstrap/init_lfs_vars/init_lfs_user
 [kameleon]:   ---> Running step
  [out_ctx]:  groupadd: group 'lfs' already exists
 [kameleon]:  Error occured when executing the following command :
 [kameleon]:  
 [kameleon]:  > exec_out: groupadd lfs
 [kameleon]:  Press [r] to retry
 [kameleon]:  Press [c] to continue with execution
 [kameleon]:  Press [a] to abort execution
 [kameleon]:  Press [l] to switch to local_context shell
 [kameleon]:  Press [o] to switch to out_context shell
 [kameleon]:  Press [i] to switch to in_context shell
answer ? [c/a/r/l/o/i]:  [kameleon]:  User choice : [a] abort
 [kameleon]:  Aborted...
 [kameleon]:  Waiting for cleanup before exiting...
 [kameleon]:  Cleaning bootstrap section
 [kameleon]:  Cleaning setup section
  [out_ctx]:  userdel: lfs mail spool (/var/spool/mail/lfs) not found
  [out_ctx]:  groupdel: group 'lfs' does not exist
 [kameleon]:  An error occurred while executing : groupdel lfs
 [kameleon]:  Cleaning export section
 [kameleon]:  Execution aborted...
 [kameleon]:  Starting recipe consistency check
 [kameleon]:  Resolving variables
 [kameleon]:  Calculating microstep identifiers
 [kameleon]:  Creating kameleon working directory : /debian_home/mercierm/Projects/kameleon-lfs/build/lfs-7.5-systemd
 [kameleon]:  Building local context [local]
 [kameleon]:  Building external context [out]
 [kameleon]:  Building internal context [in]
 [kameleon]:  Cleaning bootstrap section
 [kameleon]:  Cleaning setup section
 [kameleon]:  Cleaning export section
 [kameleon]:  Starting recipe consistency check
 [kameleon]:  Resolving variables
 [kameleon]:  Calculating microstep identifiers
 [kameleon]:  Creating kameleon working directory : /debian_home/mercierm/Projects/kameleon-lfs/build/lfs-7.5-systemd
 [kameleon]:  Building local context [local]
 [kameleon]:  Building external context [out]
 [kameleon]:  Building internal context [in]
 [kameleon]:  Starting build recipe 'lfs-7.5-systemd.yaml'
 [kameleon]:  Step 1 : bootstrap/check_requirements/check_script
 [kameleon]:   ---> Running step
 [kameleon]:  Starting process: "/bin/bash"
  [out_ctx]:  The out_context has been initialized
  [out_ctx]:  bash, version 4.3.18(1)-release
/bin/sh -> /usr/bin/bash
Binutils: (GNU Binutils) 2.24
  [out_ctx]:  bison (GNU Bison) 3.0.2
  [out_ctx]:  /usr/bin/yacc -> /usr/bin/yacc
  [out_ctx]:  bzip2,  Version 1.0.6, 6-Sept-2010.
Coreutils:  8.22
diff (GNU diffutils) 3.3
find (GNU findutils) 4.4.2
GNU Awk 4.1.1, API: 1.1 (GNU MPFR 3.1.2-p8, GNU MP 6.0.0)
/usr/bin/awk -> /usr/bin/gawk
gcc (GCC) 4.9.0 20140604 (prerelease)
g++ (GCC) 4.9.0 20140604 (prerelease)
  [out_ctx]:  /usr/bin/ldd: line 41: printf: write error: Broken pipe
  [out_ctx]:  /usr/bin/ldd: line 43: printf: write error: Broken pipe
  [out_ctx]:  (GNU libc) 2.19
  [out_ctx]:  grep (GNU grep) 2.20
  [out_ctx]:  gzip 1.6
  [out_ctx]:  Linux version 3.15.1-1-ARCH (nobody@var-lib-archbuild-testing-x86_64-tobias) (gcc version 4.9.0 20140604 (prerelease) (GCC) ) #1 SMP PREEMPT Tue Jun 17 09:32:20 CEST 2014
  [out_ctx]:  m4 (GNU M4) 1.4.17
  [out_ctx]:  GNU Make 4.0
  [out_ctx]:  GNU patch 2.7.1
  [out_ctx]:  Perl version='5.20.0';
  [out_ctx]:  sed (GNU sed) 4.2.2
  [out_ctx]:  tar (GNU tar) 1.27.1
  [out_ctx]:  xz (XZ Utils) 5.0.5
  [out_ctx]:  g++ compilation OK
  [out_ctx]:  libgmp.la: not found
  [out_ctx]:  libmpfr.la: not found
  [out_ctx]:  libmpc.la: not found
 [kameleon]:  Step 2 : bootstrap/init_lfs_vars/create_folders
 [kameleon]:   ---> Running step
  [out_ctx]:  mode of '/debian_home/mercierm/Projects/kameleon-lfs/build/lfs-7.5-systemd/rootfs/sources' retained as 1777 (rwxrwxrwt)
 [kameleon]:  Step 3 : bootstrap/init_lfs_vars/init_lfs_user
 [kameleon]:   ---> Running step
  [out_ctx]:  ownership of '/debian_home/mercierm/Projects/kameleon-lfs/build/lfs-7.5-systemd/rootfs/tools' retained as lfs
  [out_ctx]:  ownership of '/debian_home/mercierm/Projects/kameleon-lfs/build/lfs-7.5-systemd/rootfs/sources' retained as lfs
  [out_ctx]:  -bash: line 2: : No such file or directory
 [kameleon]:  Step 4 : bootstrap/get_packages/get_packages
 [kameleon]:   ---> Running step
  [out_ctx]:  wget: option requires an argument -- 'P'
  [out_ctx]:  wget: missing URL
  [out_ctx]:  Usage: wget [OPTION]... [URL]...
  [out_ctx]:  
  [out_ctx]:  Try `wget --help' for more options.
  [out_ctx]:  -bash: line 13: : No such file or directory
 [kameleon]:  Error occured when executing the following command :
 [kameleon]:  
 [kameleon]:  > exec_out: wget http://www.linuxfromscratch.org/lfs/view/stable-systemd/wget-list -P
 [kameleon]:  Press [r] to retry
 [kameleon]:  Press [c] to continue with execution
 [kameleon]:  Press [a] to abort execution
 [kameleon]:  Press [l] to switch to local_context shell
 [kameleon]:  Press [o] to switch to out_context shell
 [kameleon]:  Press [i] to switch to in_context shell
answer ? [c/a/r/l/o/i]:  [kameleon]:  User choice : [a] abort
 [kameleon]:  Aborted...
 [kameleon]:  Waiting for cleanup before exiting...
 [kameleon]:  Cleaning bootstrap section
 [kameleon]:  Cleaning setup section
Password:  [kameleon]:  Quitting...
 [kameleon]:  Starting recipe consistency check
 [kameleon]:  Resolving variables
 [kameleon]:  Calculating microstep identifiers
 [kameleon]:  Creating kameleon working directory : /debian_home/mercierm/Projects/kameleon-lfs/build/lfs-7.5-systemd
 [kameleon]:  Building local context [local]
 [kameleon]:  Building external context [out]
 [kameleon]:  Building internal context [in]
 [kameleon]:  Cleaning bootstrap section
 [kameleon]:  Cleaning setup section
 [kameleon]:  Cleaning export section
 [kameleon]:  Starting recipe consistency check
 [kameleon]:  Resolving variables
 [kameleon]:  Calculating microstep identifiers
 [kameleon]:  Creating kameleon working directory : /debian_home/mercierm/Projects/kameleon-lfs/build/lfs-7.5-systemd
 [kameleon]:  Building local context [local]
 [kameleon]:  Building external context [out]
 [kameleon]:  Building internal context [in]
 [kameleon]:  Starting build recipe 'lfs-7.5-systemd.yaml'
 [kameleon]:  Step 1 : bootstrap/check_requirements/check_script
 [kameleon]:   ---> Running step
 [kameleon]:  Starting process: "/bin/bash"
  [out_ctx]:  The out_context has been initialized
  [out_ctx]:  bash, version 4.3.18(1)-release
/bin/sh -> /usr/bin/bash
Binutils: (GNU Binutils) 2.24
  [out_ctx]:  bison (GNU Bison) 3.0.2
  [out_ctx]:  /usr/bin/yacc -> /usr/bin/yacc
  [out_ctx]:  bzip2,  Version 1.0.6, 6-Sept-2010.
Coreutils:  8.22
diff (GNU diffutils) 3.3
find (GNU findutils) 4.4.2
GNU Awk 4.1.1, API: 1.1 (GNU MPFR 3.1.2-p8, GNU MP 6.0.0)
/usr/bin/awk -> /usr/bin/gawk
gcc (GCC) 4.9.0 20140604 (prerelease)
g++ (GCC) 4.9.0 20140604 (prerelease)
(GNU libc) 2.19
grep (GNU grep) 2.20
gzip 1.6
Linux version 3.15.1-1-ARCH (nobody@var-lib-archbuild-testing-x86_64-tobias) (gcc version 4.9.0 20140604 (prerelease) (GCC) ) #1 SMP PREEMPT Tue Jun 17 09:32:20 CEST 2014
  [out_ctx]:  /usr/bin/ldd: line 41: printf: write error: Broken pipe
  [out_ctx]:  /usr/bin/ldd: line 43: printf: write error: Broken pipe
  [out_ctx]:  m4 (GNU M4) 1.4.17
  [out_ctx]:  GNU Make 4.0
  [out_ctx]:  GNU patch 2.7.1
  [out_ctx]:  Perl version='5.20.0';
  [out_ctx]:  sed (GNU sed) 4.2.2
  [out_ctx]:  tar (GNU tar) 1.27.1
  [out_ctx]:  xz (XZ Utils) 5.0.5
  [out_ctx]:  g++ compilation OK
  [out_ctx]:  libgmp.la: not found
  [out_ctx]:  libmpfr.la: not found
  [out_ctx]:  libmpc.la: not found
 [kameleon]:  Step 2 : bootstrap/init_lfs_vars/create_folders
 [kameleon]:   ---> Running step
  [out_ctx]:  mode of '/debian_home/mercierm/Projects/kameleon-lfs/build/lfs-7.5-systemd/rootfs/sources' retained as 1777 (rwxrwxrwt)
 [kameleon]:  Step 3 : bootstrap/init_lfs_vars/init_lfs_user
 [kameleon]:   ---> Running step
  [out_ctx]:  groupadd: group 'lfs' already exists
 [kameleon]:  Error occured when executing the following command :
 [kameleon]:  
 [kameleon]:  > exec_out: groupadd lfs
 [kameleon]:  Press [r] to retry
 [kameleon]:  Press [c] to continue with execution
 [kameleon]:  Press [a] to abort execution
 [kameleon]:  Press [l] to switch to local_context shell
 [kameleon]:  Press [o] to switch to out_context shell
 [kameleon]:  Press [i] to switch to in_context shell
answer ? [c/a/r/l/o/i]:  [kameleon]:  User choice : [a] abort
 [kameleon]:  Aborted...
 [kameleon]:  Waiting for cleanup before exiting...
 [kameleon]:  Cleaning bootstrap section
 [kameleon]:  Cleaning setup section
  [out_ctx]:  userdel: lfs mail spool (/var/spool/mail/lfs) not found
  [out_ctx]:  groupdel: group 'lfs' does not exist
 [kameleon]:  An error occurred while executing : groupdel lfs
 [kameleon]:  Cleaning export section
 [kameleon]:  Execution aborted...
 [kameleon]:  Starting recipe consistency check
 [kameleon]:  Resolving variables
 [kameleon]:  Calculating microstep identifiers
 [kameleon]:  Creating kameleon working directory : /debian_home/mercierm/Projects/kameleon-lfs/build/lfs-7.5-systemd
 [kameleon]:  Building local context [local]
 [kameleon]:  Building external context [out]
 [kameleon]:  Building internal context [in]
 [kameleon]:  Cleaning bootstrap section
 [kameleon]:  Cleaning setup section
 [kameleon]:  Cleaning export section
 [kameleon]:  Starting recipe consistency check
 [kameleon]:  Resolving variables
 [kameleon]:  Calculating microstep identifiers
 [kameleon]:  Creating kameleon working directory : /debian_home/mercierm/Projects/kameleon-lfs/build/lfs-7.5-systemd
 [kameleon]:  Building local context [local]
 [kameleon]:  Building external context [out]
 [kameleon]:  Building internal context [in]
 [kameleon]:  Starting build recipe 'lfs-7.5-systemd.yaml'
 [kameleon]:  Step 1 : bootstrap/check_requirements/check_script
 [kameleon]:   ---> Running step
 [kameleon]:  Starting process: "/bin/bash"
  [out_ctx]:  The out_context has been initialized
  [out_ctx]:  bash, version 4.3.18(1)-release
/bin/sh -> /usr/bin/bash
Binutils: (GNU Binutils) 2.24
  [out_ctx]:  bison (GNU Bison) 3.0.2
  [out_ctx]:  /usr/bin/yacc -> /usr/bin/yacc
  [out_ctx]:  bzip2,  Version 1.0.6, 6-Sept-2010.
Coreutils:  8.22
diff (GNU diffutils) 3.3
find (GNU findutils) 4.4.2
GNU Awk 4.1.1, API: 1.1 (GNU MPFR 3.1.2-p8, GNU MP 6.0.0)
/usr/bin/awk -> /usr/bin/gawk
gcc (GCC) 4.9.0 20140604 (prerelease)
g++ (GCC) 4.9.0 20140604 (prerelease)
(GNU libc) 2.19
  [out_ctx]:  /usr/bin/ldd: line 43: printf: write error: Broken pipe
  [out_ctx]:  grep (GNU grep) 2.20
  [out_ctx]:  gzip 1.6
  [out_ctx]:  Linux version 3.15.1-1-ARCH (nobody@var-lib-archbuild-testing-x86_64-tobias) (gcc version 4.9.0 20140604 (prerelease) (GCC) ) #1 SMP PREEMPT Tue Jun 17 09:32:20 CEST 2014
  [out_ctx]:  m4 (GNU M4) 1.4.17
  [out_ctx]:  GNU Make 4.0
  [out_ctx]:  GNU patch 2.7.1
  [out_ctx]:  Perl version='5.20.0';
  [out_ctx]:  sed (GNU sed) 4.2.2
  [out_ctx]:  tar (GNU tar) 1.27.1
  [out_ctx]:  xz (XZ Utils) 5.0.5
  [out_ctx]:  g++ compilation OK
  [out_ctx]:  libgmp.la: not found
  [out_ctx]:  libmpfr.la: not found
  [out_ctx]:  libmpc.la: not found
 [kameleon]:  Step 2 : bootstrap/init_lfs_vars/create_folders
 [kameleon]:   ---> Running step
  [out_ctx]:  mode of '/debian_home/mercierm/Projects/kameleon-lfs/build/lfs-7.5-systemd/rootfs/sources' retained as 1777 (rwxrwxrwt)
 [kameleon]:  Step 3 : bootstrap/init_lfs_vars/init_lfs_user
 [kameleon]:   ---> Running step
  [out_ctx]:  ownership of '/debian_home/mercierm/Projects/kameleon-lfs/build/lfs-7.5-systemd/rootfs/tools' retained as lfs
  [out_ctx]:  ownership of '/debian_home/mercierm/Projects/kameleon-lfs/build/lfs-7.5-systemd/rootfs/sources' retained as lfs
  [out_ctx]:  -bash: line 2: : No such file or directory
 [kameleon]:  Step 4 : bootstrap/get_packages/get_packages
 [kameleon]:   ---> Running step
  [out_ctx]:  --2014-06-24 17:12:10--  http://www.linuxfromscratch.org/lfs/view/stable-systemd/wget-list
  [out_ctx]:  Resolving www.linuxfromscratch.org (www.linuxfromscratch.org)... failed: Name or service not known.
  [out_ctx]:  wget: unable to resolve host address 'www.linuxfromscratch.org'
  [out_ctx]:  -bash: line 13: : No such file or directory
 [kameleon]:  Error occured when executing the following command :
 [kameleon]:  
 [kameleon]:  > exec_out: wget http://www.linuxfromscratch.org/lfs/view/stable-systemd/wget-list
 [kameleon]:  Press [r] to retry
 [kameleon]:  Press [c] to continue with execution
 [kameleon]:  Press [a] to abort execution
 [kameleon]:  Press [l] to switch to local_context shell
 [kameleon]:  Press [o] to switch to out_context shell
 [kameleon]:  Press [i] to switch to in_context shell
answer ? [c/a/r/l/o/i]:  [kameleon]:  User choice : [c] continue
  [out_ctx]:  -bash: line 24: : No such file or directory
  [out_ctx]:  wget-list: No such file or directory
  [out_ctx]:  No URLs found in wget-list.
  [out_ctx]:  -bash: line 35: : No such file or directory
 [kameleon]:  Step 5 : bootstrap/get_packages/check_packages
 [kameleon]:   ---> Running step
  [out_ctx]:  --2014-06-24 17:12:20--  http://www.linuxfromscratch.org/lfs/view/stable-systemd/md5sums
Resolving www.linuxfromscratch.org (www.linuxfromscratch.org)... failed: Name or service not known.
wget: unable to resolve host address 'www.linuxfromscratch.org'
  [out_ctx]:  -bash: line 46: : No such file or directory
 [kameleon]:  Error occured when executing the following command :
 [kameleon]:  
 [kameleon]:  > exec_out: wget http://www.linuxfromscratch.org/lfs/view/stable-systemd/md5sums
 [kameleon]:  Press [r] to retry
 [kameleon]:  Press [c] to continue with execution
 [kameleon]:  Press [a] to abort execution
 [kameleon]:  Press [l] to switch to local_context shell
 [kameleon]:  Press [o] to switch to out_context shell
 [kameleon]:  Press [i] to switch to in_context shell
answer ? [c/a/r/l/o/i]:  [kameleon]:  User choice : [c] continue
  [out_ctx]:  -bash: line 57: : No such file or directory
  [out_ctx]:  -bash: line 68: pushd: /sources: No such file or directory
  [out_ctx]:  md5sum: md5sums: No such file or directory
  [out_ctx]:  -bash: line 70: popd: directory stack empty
  [out_ctx]:  -bash: line 72: : No such file or directory
 [kameleon]:  Error occured when executing the following command :
 [kameleon]:  
 [kameleon]:  > exec_out: |
 [kameleon]:  >   pushd $LFS/sources
 [kameleon]:  >   md5sum -c md5sums
 [kameleon]:  >   popd
 [kameleon]:  Press [r] to retry
 [kameleon]:  Press [c] to continue with execution
 [kameleon]:  Press [a] to abort execution
 [kameleon]:  Press [l] to switch to local_context shell
 [kameleon]:  Press [o] to switch to out_context shell
 [kameleon]:  Press [i] to switch to in_context shell
answer ? [c/a/r/l/o/i]:  [kameleon]:  User choice : [a] abort
 [kameleon]:  Aborted...
 [kameleon]:  Waiting for cleanup before exiting...
 [kameleon]:  Cleaning bootstrap section
 [kameleon]:  Cleaning setup section
Password: userdel: PAM: Authentication failure
  [out_ctx]:  -bash: line 82: : No such file or directory
 [kameleon]:  An error occurred while executing : userdel -r lfs
Password:  [kameleon]:  Quitting...
 [kameleon]:  Importing template 'debian7'...
 [kameleon]:  create /debian_home/mercierm/Projects/kameleon-lfs/debian7.yaml
 [kameleon]:  create /debian_home/mercierm/Projects/kameleon-lfs/steps/aliases/defaults.yaml
 [kameleon]:  create /debian_home/mercierm/Projects/kameleon-lfs/steps/checkpoints/qemu.yaml
 [kameleon]:  create /debian_home/mercierm/Projects/kameleon-lfs/steps/bootstrap/debian/debootstrap.yaml
 [kameleon]:  create /debian_home/mercierm/Projects/kameleon-lfs/steps/bootstrap/initialize_disk_qemu.yaml
 [kameleon]:  create /debian_home/mercierm/Projects/kameleon-lfs/steps/bootstrap/prepare_qemu.yaml
 [kameleon]:  create /debian_home/mercierm/Projects/kameleon-lfs/steps/bootstrap/install_bootloader.yaml
 [kameleon]:  create /debian_home/mercierm/Projects/kameleon-lfs/steps/bootstrap/start_qemu.yaml
 [kameleon]:  create /debian_home/mercierm/Projects/kameleon-lfs/steps/setup/debian/configure_apt.yaml
 [kameleon]:  create /debian_home/mercierm/Projects/kameleon-lfs/steps/setup/debian/upgrade_system.yaml
 [kameleon]:  create /debian_home/mercierm/Projects/kameleon-lfs/steps/setup/debian/install_software.yaml
 [kameleon]:  create /debian_home/mercierm/Projects/kameleon-lfs/steps/setup/debian/configure_kernel.yaml
 [kameleon]:  create /debian_home/mercierm/Projects/kameleon-lfs/steps/setup/debian/configure_system.yaml
 [kameleon]:  create /debian_home/mercierm/Projects/kameleon-lfs/steps/setup/debian/configure_keyboard.yaml
 [kameleon]:  create /debian_home/mercierm/Projects/kameleon-lfs/steps/setup/debian/configure_network.yaml
 [kameleon]:  create /debian_home/mercierm/Projects/kameleon-lfs/steps/setup/create_group.yaml
 [kameleon]:  conflict /debian_home/mercierm/Projects/kameleon-lfs/steps/setup/create_user.yaml
 [kameleon]:  Differences between the old and the new :
Overwrite /debian_home/mercierm/Projects/kameleon-lfs/steps/setup/create_user.yaml? [Y]es/[n]o/[a]bort :  [kameleon]:  Aborted...
 [kameleon]:  /debian_home/mercierm/Projects/kameleon-lfs/lfs-7.5-systemd.yaml: variable $$LFS not found in local or global
 [kameleon]:  Starting recipe consistency check
 [kameleon]:  Resolving variables
 [kameleon]:  Calculating microstep identifiers
 [kameleon]:  Creating kameleon working directory : /debian_home/mercierm/Projects/kameleon-lfs/build/lfs-7.5-systemd
 [kameleon]:  Building local context [local]
 [kameleon]:  Building external context [out]
 [kameleon]:  Building internal context [in]
 [kameleon]:  Cleaning bootstrap section
 [kameleon]:  Cleaning setup section
 [kameleon]:  Cleaning export section
 [kameleon]:  Starting recipe consistency check
 [kameleon]:  Resolving variables
 [kameleon]:  Calculating microstep identifiers
 [kameleon]:  Creating kameleon working directory : /debian_home/mercierm/Projects/kameleon-lfs/build/lfs-7.5-systemd
 [kameleon]:  Building local context [local]
 [kameleon]:  Building external context [out]
 [kameleon]:  Building internal context [in]
 [kameleon]:  Starting build recipe 'lfs-7.5-systemd.yaml'
 [kameleon]:  Step 1 : bootstrap/check_requirements/check_script
 [kameleon]:   ---> Running step
 [kameleon]:  Starting process: "exec env -i HOME=$HOME TERM=$TERM PS1='\\u:\\w\\$' /bin/bash\nset +h\numask 022\nLFS=/debian_home/mercierm/Projects/kameleon-lfs/build/lfs-7.5-systemd/rootfs\nLC_ALL=POSIX\nLFS_TGT=$(uname -m)-lfs-linux-gnu\nPATH=/tools/bin:/bin:/usr/bin\nexport LFS LC_ALL LFS_TGT PATH\nexport MAKEFLAGS='-j 4'"
  [out_ctx]:  The out_context has been initialized
  [out_ctx]:  bash, version 4.3.18(1)-release
/bin/sh -> /usr/bin/bash
Binutils: (GNU Binutils) 2.24
  [out_ctx]:  bison (GNU Bison) 3.0.2
  [out_ctx]:  /usr/bin/yacc -> /usr/bin/yacc
  [out_ctx]:  bzip2,  Version 1.0.6, 6-Sept-2010.
Coreutils:  8.22
  [out_ctx]:  diff (GNU diffutils) 3.3
  [out_ctx]:  find (GNU findutils) 4.4.2
  [out_ctx]:  GNU Awk 4.1.1, API: 1.1 (GNU MPFR 3.1.2-p8, GNU MP 6.0.0)
  [out_ctx]:  /usr/bin/awk -> /usr/bin/gawk
  [out_ctx]:  gcc (GCC) 4.9.0 20140604 (prerelease)
  [out_ctx]:  g++ (GCC) 4.9.0 20140604 (prerelease)
  [out_ctx]:  (GNU libc) 2.19
  [out_ctx]:  grep (GNU grep) 2.20
  [out_ctx]:  gzip 1.6
  [out_ctx]:  /usr/bin/ldd: line 41: printf: write error: Broken pipe
  [out_ctx]:  /usr/bin/ldd: line 43: printf: write error: Broken pipe
  [out_ctx]:  Linux version 3.15.1-1-ARCH (nobody@var-lib-archbuild-testing-x86_64-tobias) (gcc version 4.9.0 20140604 (prerelease) (GCC) ) #1 SMP PREEMPT Tue Jun 17 09:32:20 CEST 2014
  [out_ctx]:  m4 (GNU M4) 1.4.17
  [out_ctx]:  GNU Make 4.0
  [out_ctx]:  GNU patch 2.7.1
  [out_ctx]:  Perl version='5.20.0';
  [out_ctx]:  sed (GNU sed) 4.2.2
  [out_ctx]:  tar (GNU tar) 1.27.1
  [out_ctx]:  xz (XZ Utils) 5.0.5
  [out_ctx]:  g++ compilation OK
  [out_ctx]:  libgmp.la: not found
  [out_ctx]:  libmpfr.la: not found
  [out_ctx]:  libmpc.la: not found
 [kameleon]:  Step 2 : bootstrap/init_lfs_vars/create_folders
 [kameleon]:   ---> Running step
  [out_ctx]:  mkdir: cannot create directory '/tools': Permission denied
 [kameleon]:  Error occured when executing the following command :
 [kameleon]:  
 [kameleon]:  > exec_out: mkdir -vp $LFS/tools
 [kameleon]:  Press [r] to retry
 [kameleon]:  Press [c] to continue with execution
 [kameleon]:  Press [a] to abort execution
 [kameleon]:  Press [l] to switch to local_context shell
 [kameleon]:  Press [o] to switch to out_context shell
 [kameleon]:  Press [i] to switch to in_context shell
answer ? [c/a/r/l/o/i]:  [kameleon]:  User choice : [o] launch out_context
  [out_ctx]:  Starting interactive shell
 [kameleon]:  Starting process: "exec env -i HOME=$HOME TERM=$TERM PS1='\\u:\\w\\$' /bin/bash\nset +h\numask 022\nLFS=/debian_home/mercierm/Projects/kameleon-lfs/build/lfs-7.5-systemd/rootfs\nLC_ALL=POSIX\nLFS_TGT=$(uname -m)-lfs-linux-gnu\nPATH=/tools/bin:/bin:/usr/bin\nexport LFS LC_ALL LFS_TGT PATH\nexport MAKEFLAGS='-j 4'"
 [kameleon]:  Getting back to Kameleon...
 [kameleon]:  Press [r] to retry
 [kameleon]:  Press [c] to continue with execution
 [kameleon]:  Press [a] to abort execution
 [kameleon]:  Press [l] to switch to local_context shell
 [kameleon]:  Press [o] to switch to out_context shell
 [kameleon]:  Press [i] to switch to in_context shell
answer ? [c/a/r/l/o/i]:  [kameleon]:  User choice : [a] abort
 [kameleon]:  Aborted...
 [kameleon]:  Waiting for cleanup before exiting...
 [kameleon]:  Cleaning bootstrap section
 [kameleon]:  Cleaning setup section
 [kameleon]:  Cleaning export section
 [kameleon]:  Execution aborted...
 [kameleon]:  Starting recipe consistency check
 [kameleon]:  Resolving variables
 [kameleon]:  Calculating microstep identifiers
 [kameleon]:  Creating kameleon working directory : /debian_home/mercierm/Projects/kameleon-lfs/build/lfs-7.5-systemd
 [kameleon]:  Building local context [local]
 [kameleon]:  Building external context [out]
 [kameleon]:  Building internal context [in]
 [kameleon]:  Cleaning bootstrap section
 [kameleon]:  Cleaning setup section
 [kameleon]:  Cleaning export section
 [kameleon]:  Starting recipe consistency check
 [kameleon]:  Resolving variables
 [kameleon]:  Calculating microstep identifiers
 [kameleon]:  Creating kameleon working directory : /debian_home/mercierm/Projects/kameleon-lfs/build/lfs-7.5-systemd
 [kameleon]:  Building local context [local]
 [kameleon]:  Building external context [out]
 [kameleon]:  Building internal context [in]
 [kameleon]:  Starting build recipe 'lfs-7.5-systemd.yaml'
 [kameleon]:  Step 1 : bootstrap/check_requirements/check_script
 [kameleon]:   ---> Running step
 [kameleon]:  Starting process: "exec env -i HOME=$HOME TERM=$TERM PS1='\\u:\\w\\$' /bin/bash \\\nset +h \\\numask 022 \\\nLFS=/debian_home/mercierm/Projects/kameleon-lfs/build/lfs-7.5-systemd/rootfs \\\nLC_ALL=POSIX\nLFS_TGT=$(uname -m)-lfs-linux-gnu\nPATH=/tools/bin:/bin:/usr/bin\nexport LFS LC_ALL LFS_TGT PATH\nexport MAKEFLAGS='-j 4'"
 [kameleon]:  /bin/bash: set: No such file or directory
 [kameleon]:  fatal error...
 [kameleon]:  Waiting for cleanup before exiting...
 [kameleon]:  Cleaning bootstrap section
 [kameleon]:  Cleaning setup section
 [kameleon]:  Cleaning export section
 [kameleon]:  Broken pipe. Check the cmd argument of the 'out_context'.. Check the cmd argument of the 'out_context'.
 [kameleon]:  Starting recipe consistency check
 [kameleon]:  Resolving variables
 [kameleon]:  Calculating microstep identifiers
 [kameleon]:  Creating kameleon working directory : /debian_home/mercierm/Projects/kameleon-lfs/build/lfs-7.5-systemd
 [kameleon]:  Building local context [local]
 [kameleon]:  Building external context [out]
 [kameleon]:  Building internal context [in]
 [kameleon]:  Cleaning bootstrap section
 [kameleon]:  Cleaning setup section
 [kameleon]:  Cleaning export section
 [kameleon]:  Starting recipe consistency check
 [kameleon]:  Resolving variables
 [kameleon]:  Calculating microstep identifiers
 [kameleon]:  Creating kameleon working directory : /debian_home/mercierm/Projects/kameleon-lfs/build/lfs-7.5-systemd
 [kameleon]:  Building local context [local]
 [kameleon]:  Building external context [out]
 [kameleon]:  Building internal context [in]
 [kameleon]:  Starting build recipe 'lfs-7.5-systemd.yaml'
 [kameleon]:  Step 1 : bootstrap/check_requirements/check_script
 [kameleon]:   ---> Running step
 [kameleon]:  Starting process: "exec env -i HOME=$HOME TERM=$TERM PS1='\\u:\\w\\$' /bin/bash set +h umask 022 LFS=/debian_home/mercierm/Projects/kameleon-lfs/build/lfs-7.5-systemd/rootfs LC_ALL=POSIX LFS_TGT=$(uname -m)-lfs-linux-gnu PATH=/tools/bin:/bin:/usr/bin export LFS LC_ALL LFS_TGT PATH export MAKEFLAGS='-j 4'"
 [kameleon]:  /bin/bash: set: No such file or directory
 [kameleon]:  fatal error...
 [kameleon]:  Waiting for cleanup before exiting...
 [kameleon]:  Cleaning bootstrap section
 [kameleon]:  Cleaning setup section
 [kameleon]:  Cleaning export section
 [kameleon]:  Broken pipe. Check the cmd argument of the 'out_context'.. Check the cmd argument of the 'out_context'.
 [kameleon]:  Starting recipe consistency check
 [kameleon]:  Resolving variables
 [kameleon]:  Calculating microstep identifiers
 [kameleon]:  Creating kameleon working directory : /debian_home/mercierm/Projects/kameleon-lfs/build/lfs-7.5-systemd
 [kameleon]:  Building local context [local]
 [kameleon]:  Building external context [out]
 [kameleon]:  Building internal context [in]
 [kameleon]:  Cleaning bootstrap section
 [kameleon]:  Cleaning setup section
 [kameleon]:  Cleaning export section
 [kameleon]:  Starting recipe consistency check
 [kameleon]:  Resolving variables
 [kameleon]:  Calculating microstep identifiers
 [kameleon]:  Creating kameleon working directory : /debian_home/mercierm/Projects/kameleon-lfs/build/lfs-7.5-systemd
 [kameleon]:  Building local context [local]
 [kameleon]:  Building external context [out]
 [kameleon]:  Building internal context [in]
 [kameleon]:  Starting build recipe 'lfs-7.5-systemd.yaml'
 [kameleon]:  Step 1 : bootstrap/check_requirements/check_script
 [kameleon]:   ---> Running step
 [kameleon]:  Starting process: "exec env -i HOME=$HOME TERM=$TERM PS1='\\u:\\w\\$' /bin/bash -c\n  set +h\n  umask 022\n  LFS=/debian_home/mercierm/Projects/kameleon-lfs/build/lfs-7.5-systemd/rootfs\n  LC_ALL=POSIX\n  LFS_TGT=$(uname -m)-lfs-linux-gnu\n  PATH=/tools/bin:/bin:/usr/bin\n  export LFS LC_ALL LFS_TGT PATH\n  export MAKEFLAGS='-j 4'"
 [kameleon]:  /bin/bash: -c: option requires an argument
 [kameleon]:  fatal error...
 [kameleon]:  Waiting for cleanup before exiting...
 [kameleon]:  Cleaning bootstrap section
 [kameleon]:  Cleaning setup section
 [kameleon]:  Cleaning export section
 [kameleon]:  Broken pipe. Check the cmd argument of the 'out_context'.. Check the cmd argument of the 'out_context'.
 [kameleon]:  Starting recipe consistency check
 [kameleon]:  Resolving variables
 [kameleon]:  Calculating microstep identifiers
 [kameleon]:  Creating kameleon working directory : /debian_home/mercierm/Projects/kameleon-lfs/build/lfs-7.5-systemd
 [kameleon]:  Building local context [local]
 [kameleon]:  Building external context [out]
 [kameleon]:  Building internal context [in]
 [kameleon]:  Cleaning bootstrap section
 [kameleon]:  Cleaning setup section
 [kameleon]:  Cleaning export section
 [kameleon]:  Starting recipe consistency check
 [kameleon]:  Resolving variables
 [kameleon]:  Calculating microstep identifiers
 [kameleon]:  Creating kameleon working directory : /debian_home/mercierm/Projects/kameleon-lfs/build/lfs-7.5-systemd
 [kameleon]:  Building local context [local]
 [kameleon]:  Building external context [out]
 [kameleon]:  Building internal context [in]
 [kameleon]:  Starting build recipe 'lfs-7.5-systemd.yaml'
 [kameleon]:  Step 1 : bootstrap/check_requirements/check_script
 [kameleon]:   ---> Running step
 [kameleon]:  Starting process: "exec env -i HOME=$HOME TERM=$TERM PS1='\\u:\\w\\$' /bin/bash -c set +h umask 022 LFS=/debian_home/mercierm/Projects/kameleon-lfs/build/lfs-7.5-systemd/rootfs LC_ALL=POSIX LFS_TGT=$(uname -m)-lfs-linux-gnu PATH=/tools/bin:/bin:/usr/bin export LFS LC_ALL LFS_TGT PATH export MAKEFLAGS='-j 4'"
 [kameleon]:  BASH=/bin/bash
BASHOPTS=cmdhist:complete_fullquote:extquote:force_fignore:hostcomplete:interactive_comments:progcomp:promptvars:sourcepath
BASH_ALIASES=()
BASH_ARGC=([0]="15")
BASH_ARGV=([0]="kameleon_out_bash_rc" [1]="--rcfile" [2]="MAKEFLAGS=-j 4" [3]="export" [4]="PATH" [5]="LFS_TGT" [6]="LC_ALL" [7]="LFS" [8]="export" [9]="PATH=/tools/bin:/bin:/usr/bin" [10]="LFS_TGT=x86_64-lfs-linux-gnu" [11]="LC_ALL=POSIX" [12]="LFS=/debian_home/mercierm/Projects/kameleon-lfs/build/lfs-7.5-systemd/rootfs" [13]="022" [14]="umask")
BASH_CMDS=()
BASH_EXECUTION_STRING=set
BASH_LINENO=()
BASH_SOURCE=()
BASH_VERSINFO=([0]="4" [1]="3" [2]="18" [3]="1" [4]="release" [5]="x86_64-unknown-linux-gnu")
BASH_VERSION='4.3.18(1)-release'
DIRSTACK=()
EUID=1000
GROUPS=()
HOME=/home/mercierm
HOSTNAME=kameleon-archlinux
HOSTTYPE=x86_64
IFS=$' \t\n'
MACHTYPE=x86_64-unknown-linux-gnu
OPTERR=1
OPTIND=1
OSTYPE=linux-gnu
PATH=/usr/local/sbin:/usr/local/bin:/usr/bin
PPID=9967
PS4='+ '
PWD=/debian_home/mercierm/Projects/kameleon-lfs/build/lfs-7.5-systemd
SHELL=/bin/zsh
SHELLOPTS=braceexpand:hashall:interactive-comments
SHLVL=1
TERM=screen-256color
UID=1000
_=/bin/bash
 [kameleon]:  fatal error...
 [kameleon]:  Waiting for cleanup before exiting...
 [kameleon]:  Cleaning bootstrap section
 [kameleon]:  Cleaning setup section
 [kameleon]:  Cleaning export section
 [kameleon]:  Broken pipe. Check the cmd argument of the 'out_context'.. Check the cmd argument of the 'out_context'.
 [kameleon]:  Starting recipe consistency check
 [kameleon]:  Resolving variables
 [kameleon]:  Calculating microstep identifiers
 [kameleon]:  Creating kameleon working directory : /debian_home/mercierm/Projects/kameleon-lfs/build/lfs-7.5-systemd
 [kameleon]:  Building local context [local]
 [kameleon]:  Building external context [out]
 [kameleon]:  Building internal context [in]
 [kameleon]:  Cleaning bootstrap section
 [kameleon]:  Cleaning setup section
 [kameleon]:  Cleaning export section
 [kameleon]:  Starting recipe consistency check
 [kameleon]:  Resolving variables
 [kameleon]:  Calculating microstep identifiers
 [kameleon]:  Creating kameleon working directory : /debian_home/mercierm/Projects/kameleon-lfs/build/lfs-7.5-systemd
 [kameleon]:  Building local context [local]
 [kameleon]:  Building external context [out]
 [kameleon]:  Building internal context [in]
 [kameleon]:  Starting build recipe 'lfs-7.5-systemd.yaml'
 [kameleon]:  Step 1 : bootstrap/init_lfs_vars/create_out_bashrc
 [kameleon]:   ---> Running step
 [kameleon]:  Starting process: "bash"
[local_ctx]:  bash: line 142: /debian_home/mercierm/Projects/kameleon-lfs/build/lfs-7.5-systemd/kameleon_local_bash_rc: Permission denied
[local_ctx]:  bash: line 281: /debian_home/mercierm/Projects/kameleon-lfs/build/lfs-7.5-systemd/kameleon_local_bash_rc: Permission denied
[local_ctx]:  bash: line 282: /debian_home/mercierm/Projects/kameleon-lfs/build/lfs-7.5-systemd/kameleon_local_bash_rc: Permission denied
[local_ctx]:  touch: cannot touch '/debian_home/mercierm/Projects/kameleon-lfs/build/lfs-7.5-systemd/kameleon_local_bash_history': Permission denied
[local_ctx]:  touch: cannot touch '/debian_home/mercierm/Projects/kameleon-lfs/build/lfs-7.5-systemd/kameleon_local_bash_env': Permission denied
[local_ctx]:  bash: line 286: /debian_home/mercierm/Projects/kameleon-lfs/build/lfs-7.5-systemd/kameleon_local_bash_env: Permission denied
[local_ctx]:  bash: line 287: /debian_home/mercierm/Projects/kameleon-lfs/build/lfs-7.5-systemd/kameleon_local_bash_env: Permission denied
[local_ctx]:  env: write error: Broken pipe
[local_ctx]:  bash: line 290: /debian_home/mercierm/Projects/kameleon-lfs/build/lfs-7.5-systemd/kameleon_local_bash_history: Permission denied
[local_ctx]:  The local_context has been initialized
[local_ctx]:  bash: line 306: /debian_home/mercierm/Projects/kameleon-lfs/build/lfs-7.5-systemd/kameleon_local_bash_env: Permission denied
[local_ctx]:  bash: line 307: /debian_home/mercierm/Projects/kameleon-lfs/build/lfs-7.5-systemd/kameleon_local_bash_env: Permission denied
[local_ctx]:  bash: line 319: /debian_home/mercierm/Projects/kameleon-lfs/build/lfs-7.5-systemd/kameleon_local_bash_history: Permission denied
 [kameleon]:  Step 2 : bootstrap/init_lfs_vars/create_folders
 [kameleon]:   ---> Running step
 [kameleon]:  Starting process: "exec env -i HOME=$HOME TERM=$TERM PS1='\\u:\\w\\$' /bin/bash --init-file bashrc"
  [out_ctx]:  The out_context has been initialized
  [out_ctx]:  mkdir: cannot create directory '/tools': Permission denied
 [kameleon]:  Error occured when executing the following command :
 [kameleon]:  
 [kameleon]:  > exec_out: mkdir -vp $LFS/tools
 [kameleon]:  Press [r] to retry
 [kameleon]:  Press [c] to continue with execution
 [kameleon]:  Press [a] to abort execution
 [kameleon]:  Press [l] to switch to local_context shell
 [kameleon]:  Press [o] to switch to out_context shell
 [kameleon]:  Press [i] to switch to in_context shell
answer ? [c/a/r/l/o/i]:  [kameleon]:  Interrupted...
 [kameleon]:  Starting process: "exec env -i HOME=$HOME TERM=$TERM PS1='\\u:\\w\\$' /bin/bash --init-file bashrc"
 [kameleon]:  Starting process: "/bin/bash"
 [kameleon]:  Starting process: "bash"
 [kameleon]:  Waiting for cleanup before exiting...
 [kameleon]:  Cleaning bootstrap section
 [kameleon]:  Cleaning setup section
 [kameleon]:  Cleaning export section
 [kameleon]:  Quitting...
 [kameleon]:  Starting recipe consistency check
 [kameleon]:  Resolving variables
 [kameleon]:  Calculating microstep identifiers
 [kameleon]:  Creating kameleon working directory : /debian_home/mercierm/Projects/kameleon-lfs/build/lfs-7.5-systemd
 [kameleon]:  Building local context [local]
 [kameleon]:  Building external context [out]
 [kameleon]:  Building internal context [in]
 [kameleon]:  Cleaning bootstrap section
 [kameleon]:  Cleaning setup section
 [kameleon]:  Cleaning export section
 [kameleon]:  Starting recipe consistency check
 [kameleon]:  Resolving variables
 [kameleon]:  Calculating microstep identifiers
 [kameleon]:  Creating kameleon working directory : /debian_home/mercierm/Projects/kameleon-lfs/build/lfs-7.5-systemd
 [kameleon]:  Building local context [local]
 [kameleon]:  Building external context [out]
 [kameleon]:  Building internal context [in]
 [kameleon]:  Starting build recipe 'lfs-7.5-systemd.yaml'
 [kameleon]:  Step 1 : bootstrap/init_lfs_vars/create_out_bashrc
 [kameleon]:   ---> Running step
 [kameleon]:  Starting process: "bash"
[local_ctx]:  The local_context has been initialized
 [kameleon]:  Step 2 : bootstrap/init_lfs_vars/create_folders
 [kameleon]:   ---> Running step
 [kameleon]:  Starting process: "exec env -i HOME=$HOME TERM=$TERM PS1='\\u:\\w\\$' /bin/bash --init-file bashrc"
  [out_ctx]:  The out_context has been initialized
  [out_ctx]:  mkdir: cannot create directory '/tools': Permission denied
 [kameleon]:  Error occured when executing the following command :
 [kameleon]:  
 [kameleon]:  > exec_out: mkdir -vp $LFS/tools
 [kameleon]:  Press [r] to retry
 [kameleon]:  Press [c] to continue with execution
 [kameleon]:  Press [a] to abort execution
 [kameleon]:  Press [l] to switch to local_context shell
 [kameleon]:  Press [o] to switch to out_context shell
 [kameleon]:  Press [i] to switch to in_context shell
answer ? [c/a/r/l/o/i]:  [kameleon]:  User choice : [o] launch out_context
  [out_ctx]:  Starting interactive shell
 [kameleon]:  Starting process: "exec env -i HOME=$HOME TERM=$TERM PS1='\\u:\\w\\$' /bin/bash --init-file bashrc"
 [kameleon]:  Getting back to Kameleon...
 [kameleon]:  Press [r] to retry
 [kameleon]:  Press [c] to continue with execution
 [kameleon]:  Press [a] to abort execution
 [kameleon]:  Press [l] to switch to local_context shell
 [kameleon]:  Press [o] to switch to out_context shell
 [kameleon]:  Press [i] to switch to in_context shell
answer ? [c/a/r/l/o/i]:  [kameleon]:  User choice : [o] launch out_context
  [out_ctx]:  Starting interactive shell
 [kameleon]:  Starting process: "exec env -i HOME=$HOME TERM=$TERM PS1='\\u:\\w\\$' /bin/bash --init-file bashrc"
 [kameleon]:  Getting back to Kameleon...
 [kameleon]:  Press [r] to retry
 [kameleon]:  Press [c] to continue with execution
 [kameleon]:  Press [a] to abort execution
 [kameleon]:  Press [l] to switch to local_context shell
 [kameleon]:  Press [o] to switch to out_context shell
 [kameleon]:  Press [i] to switch to in_context shell
answer ? [c/a/r/l/o/i]:  [kameleon]:  Aborted...
 [kameleon]:  Waiting for cleanup before exiting...
 [kameleon]:  Cleaning bootstrap section
 [kameleon]:  Cleaning setup section
 [kameleon]:  Cleaning export section
 [kameleon]:  Execution aborted...
